\BOOKMARK [0][-]{dummy.2}{\376\377\000A\000b\000s\000t\000r\000a\000c\000t}{}% 1
\BOOKMARK [0][-]{dummy.3}{\376\377\000A\000c\000k\000n\000o\000w\000l\000e\000d\000g\000e\000m\000e\000n\000t\000s}{}% 2
\BOOKMARK [0][-]{dummy.4}{\376\377\000C\000o\000n\000t\000e\000n\000t\000s}{}% 3
\BOOKMARK [0][-]{dummy.6}{\376\377\000L\000i\000s\000t\000\040\000o\000f\000\040\000F\000i\000g\000u\000r\000e\000s}{}% 4
\BOOKMARK [0][-]{dummy.8}{\376\377\000L\000i\000s\000t\000\040\000o\000f\000\040\000T\000a\000b\000l\000e\000s}{}% 5
\BOOKMARK [0][-]{chapter.10}{\376\377\0001\000\040\000P\000r\000o\000j\000e\000c\000t\000\040\000o\000v\000e\000r\000v\000i\000e\000w}{}% 6
\BOOKMARK [1][-]{section.11}{\376\377\0001\000.\0001\000\040\000I\000n\000t\000r\000o\000d\000u\000c\000t\000i\000o\000n}{chapter.10}% 7
\BOOKMARK [1][-]{section.12}{\376\377\0001\000.\0002\000\040\000S\000t\000a\000t\000e\000\040\000o\000f\000\040\000t\000h\000e\000\040\000A\000r\000t}{chapter.10}% 8
\BOOKMARK [2][-]{subsection.13}{\376\377\0001\000.\0002\000.\0001\000\040\000P\000i\000t\000c\000h\000\040\000S\000h\000i\000f\000t\000i\000n\000g}{section.12}% 9
\BOOKMARK [3][-]{subsubsection.14}{\376\377\0001\000.\0002\000.\0001\000.\0001\000\040\000T\000i\000m\000e\000-\000b\000a\000s\000e\000d\000\040\000a\000p\000p\000r\000o\000a\000c\000h\000e\000s}{subsection.13}% 10
\BOOKMARK [3][-]{subsubsection.15}{\376\377\0001\000.\0002\000.\0001\000.\0002\000\040\000F\000r\000e\000q\000u\000e\000n\000c\000y\000-\000b\000a\000s\000e\000d\000\040\000a\000p\000p\000r\000o\000a\000c\000h\000e\000s}{subsection.13}% 11
\BOOKMARK [2][-]{subsection.25}{\376\377\0001\000.\0002\000.\0002\000\040\000S\000t\000a\000t\000e\000\040\000o\000f\000\040\000t\000h\000e\000\040\000A\000r\000t\000:\000\040\000P\000i\000t\000c\000h\000\040\000D\000e\000t\000e\000c\000t\000i\000o\000n}{section.12}% 12
\BOOKMARK [1][-]{section.28}{\376\377\0001\000.\0003\000\040\000C\000o\000n\000c\000l\000u\000s\000i\000o\000n}{chapter.10}% 13
\BOOKMARK [0][-]{chapter.29}{\376\377\0002\000\040\000A\000l\000g\000o\000r\000i\000t\000h\000m\000\040\000d\000e\000s\000i\000g\000n}{}% 14
\BOOKMARK [1][-]{section.30}{\376\377\0002\000.\0001\000\040\000F\000u\000n\000d\000a\000m\000e\000n\000t\000a\000l\000\040\000d\000e\000c\000i\000s\000i\000o\000n\000s}{chapter.29}% 15
\BOOKMARK [1][-]{section.31}{\376\377\0002\000.\0002\000\040\000I\000m\000p\000l\000e\000m\000e\000n\000t\000a\000t\000i\000o\000n}{chapter.29}% 16
\BOOKMARK [2][-]{subsection.32}{\376\377\0002\000.\0002\000.\0001\000\040\000P\000i\000t\000c\000h\000d\000e\000t\000e\000c\000t}{section.31}% 17
\BOOKMARK [2][-]{subsection.65}{\376\377\0002\000.\0002\000.\0002\000\040\000D\000l\000s\000h\000i\000f\000t}{section.31}% 18
\BOOKMARK [1][-]{section.93}{\376\377\0002\000.\0003\000\040\000I\000s\000s\000u\000e\000s}{chapter.29}% 19
\BOOKMARK [2][-]{subsection.94}{\376\377\0002\000.\0003\000.\0001\000\040\000V\000e\000c\000t\000o\000r\000\040\000s\000i\000z\000e\000\040\000i\000s\000s\000u\000e\000s\000\040\000a\000n\000d\000\040\000d\000o\000w\000n\000s\000a\000m\000p\000l\000i\000n\000g}{section.93}% 20
\BOOKMARK [2][-]{subsection.95}{\376\377\0002\000.\0003\000.\0002\000\040\000T\000h\000e\000\040\000C\000o\000n\000f\000i\000d\000e\000n\000c\000e\000\040\000p\000a\000r\000a\000m\000e\000t\000e\000r}{section.93}% 21
\BOOKMARK [2][-]{subsection.102}{\376\377\0002\000.\0003\000.\0003\000\040\000U\000s\000i\000n\000g\000\040\000a\000\040\000m\000e\000d\000i\000a\000n\000\040\000f\000i\000l\000t\000e\000r}{section.93}% 22
\BOOKMARK [2][-]{subsection.109}{\376\377\0002\000.\0003\000.\0004\000\040\000D\000e\000-\000c\000l\000i\000c\000k\000i\000n\000g\000\040\000a\000n\000d\000\040\000m\000o\000d\000u\000l\000a\000t\000i\000o\000n\000\040\000i\000n\000\040\000p\000i\000t\000c\000h\000\040\000s\000h\000i\000f\000t\000i\000n\000g}{section.93}% 23
\BOOKMARK [1][-]{section.110}{\376\377\0002\000.\0004\000\040\000C\000o\000n\000c\000l\000u\000s\000i\000o\000n}{chapter.29}% 24
\BOOKMARK [0][-]{chapter.111}{\376\377\0003\000\040\000U\000s\000e\000\040\000c\000a\000s\000e\000s\000\040\000a\000n\000d\000\040\000p\000e\000r\000f\000o\000r\000m\000a\000n\000c\000e}{}% 25
\BOOKMARK [1][-]{section.112}{\376\377\0003\000.\0001\000\040\000M\000u\000s\000i\000c\000a\000l\000\040\000A\000s\000p\000e\000c\000t\000s}{chapter.111}% 26
\BOOKMARK [2][-]{subsection.113}{\376\377\0003\000.\0001\000.\0001\000\040\000H\000a\000r\000m\000o\000n\000i\000c\000\040\000c\000o\000n\000t\000e\000x\000t\000\040\000r\000e\000c\000o\000g\000n\000i\000t\000i\000o\000n}{section.112}% 27
\BOOKMARK [2][-]{subsection.115}{\376\377\0003\000.\0001\000.\0002\000\040\000C\000h\000o\000r\000d\000\040\000s\000e\000l\000e\000c\000t\000i\000o\000n\000\040\000c\000o\000n\000t\000r\000o\000l\000\040\000s\000t\000a\000g\000e}{section.112}% 28
\BOOKMARK [2][-]{subsection.118}{\376\377\0003\000.\0001\000.\0003\000\040\000T\000h\000e\000\040\000'\000I\000n\000t\000e\000l\000l\000i\000c\000h\000o\000r\000d\000'\000\040\000f\000u\000n\000c\000t\000i\000o\000n}{section.112}% 29
\BOOKMARK [1][-]{section.121}{\376\377\0003\000.\0002\000\040\000I\000n\000t\000e\000r\000f\000a\000c\000e\000\040\000a\000n\000d\000\040\000p\000e\000r\000f\000o\000r\000m\000a\000n\000c\000e}{chapter.111}% 30
\BOOKMARK [2][-]{subsection.122}{\376\377\0003\000.\0002\000.\0001\000\040\000G\000e\000n\000e\000r\000a\000l\000\040\000P\000a\000r\000a\000m\000e\000t\000e\000r\000s\000\040\000c\000o\000n\000t\000r\000o\000l\000\040\000s\000t\000a\000g\000e\000.}{section.121}% 31
\BOOKMARK [2][-]{subsection.124}{\376\377\0003\000.\0002\000.\0002\000\040\000B\000e\000y\000o\000n\000d\000\040\000s\000h\000i\000f\000t\000i\000n\000g\000:\000\040\000d\000e\000l\000a\000y\000\040\000a\000n\000d\000\040\000m\000o\000d\000u\000l\000a\000t\000i\000o\000n\000s\000.}{section.121}% 32
\BOOKMARK [2][-]{subsection.126}{\376\377\0003\000.\0002\000.\0003\000\040\000O\000u\000t\000p\000u\000t\000\040\000c\000o\000n\000t\000r\000o\000l\000\040\000s\000t\000a\000g\000e\000.}{section.121}% 33
\BOOKMARK [1][-]{section.128}{\376\377\0003\000.\0003\000\040\000I\000s\000s\000u\000e\000s\000\040\000a\000n\000d\000\040\000f\000u\000t\000u\000r\000e\000\040\000e\000n\000h\000a\000n\000c\000e\000m\000e\000n\000t\000s}{chapter.111}% 34
\BOOKMARK [2][-]{subsection.129}{\376\377\0003\000.\0003\000.\0001\000\040\000P\000r\000o\000b\000a\000b\000i\000l\000i\000s\000t\000i\000c\000\040\000n\000e\000t\000w\000o\000r\000k\000s\000?}{section.128}% 35
\BOOKMARK [1][-]{section.130}{\376\377\0003\000.\0004\000\040\000C\000o\000n\000c\000l\000u\000s\000i\000o\000n}{chapter.111}% 36
\BOOKMARK [0][-]{appendix.131}{\376\377\000A\000\040\000S\000o\000u\000r\000c\000e\000\040\000c\000o\000d\000e}{}% 37
\BOOKMARK [1][-]{section.132}{\376\377\000A\000.\0001\000\040\000A\000M\000D\000F\000-\000b\000a\000s\000e\000d\000\040\000p\000i\000t\000c\000h\000\040\000d\000e\000t\000e\000c\000t\000i\000o\000n}{appendix.131}% 38
\BOOKMARK [1][-]{section.186}{\376\377\000A\000.\0002\000\040\000D\000e\000l\000a\000y\000-\000l\000i\000n\000e\000\040\000b\000a\000s\000e\000\040\000p\000i\000t\000c\000h\000\040\000s\000h\000i\000f\000t\000i\000n\000g}{appendix.131}% 39
\BOOKMARK [0][-]{appendix.253}{\376\377\000B\000\040\000M\000S\000P\000\040\000e\000x\000t\000e\000r\000n\000a\000l\000\040\000c\000o\000d\000e}{}% 40
\BOOKMARK [1][-]{section.254}{\376\377\000B\000.\0001\000\040\000P\000i\000t\000c\000h\000d\000e\000t\000e\000c\000t}{appendix.253}% 41
\BOOKMARK [1][-]{section.340}{\376\377\000B\000.\0002\000\040\000D\000l\000s\000h\000i\000f\000t}{appendix.253}% 42
\BOOKMARK [0][-]{dummy.397}{\376\377\000B\000i\000b\000l\000i\000o\000g\000r\000a\000p\000h\000y}{}% 43
